<?xml version="1.0" encoding="UTF-8"?>
<!-- Generated by org.testng.reporters.JUnitReportReporter -->
<testsuite hostname="sai" name="day22.LoginUsingProperties" tests="1" failures="0" timestamp="13 Sep 2017 05:02:01 GMT" time="5.358" errors="0">
  <testcase name="loginTest" time="5.358" classname="day22.LoginUsingProperties"/>
</testsuite> <!-- day22.LoginUsingProperties -->
