<?xml version="1.0" encoding="UTF-8"?>
<!-- Generated by org.testng.reporters.JUnitReportReporter -->
<testsuite hostname="sai" name="day22.DatadrivenTesting2" tests="1" failures="0" timestamp="13 Sep 2017 04:23:25 GMT" time="39.219" errors="0">
  <testcase name="linkTest" time="39.219" classname="day22.DatadrivenTesting2"/>
</testsuite> <!-- day22.DatadrivenTesting2 -->
