<?xml version="1.0" encoding="UTF-8"?>
<!-- Generated by org.testng.reporters.JUnitReportReporter -->
<testsuite hostname="sai" name="day17.Webtabletesting" tests="1" failures="0" timestamp="7 Sep 2017 04:50:16 GMT" time="25.821" errors="0">
  <testcase name="framesTest" time="25.821" classname="day17.Webtabletesting"/>
</testsuite> <!-- day17.Webtabletesting -->
