<?xml version="1.0" encoding="UTF-8"?>
<!-- Generated by org.testng.reporters.JUnitReportReporter -->
<testsuite hostname="sai" name="day23.LoginUsingKeywords" tests="1" failures="0" timestamp="15 Sep 2017 04:28:03 GMT" time="18.759" errors="0">
  <testcase name="loginTest" time="18.759" classname="day23.LoginUsingKeywords"/>
</testsuite> <!-- day23.LoginUsingKeywords -->
