<?xml version="1.0" encoding="UTF-8"?>
<!-- Generated by org.testng.reporters.JUnitReportReporter -->
<testsuite hostname="sai" name="day17.TabandPopupHandling" tests="1" failures="0" timestamp="6 Sep 2017 04:43:30 GMT" time="14.279" errors="0">
  <testcase name="tabTest" time="14.279" classname="day17.TabandPopupHandling"/>
</testsuite> <!-- day17.TabandPopupHandling -->
