<?xml version="1.0" encoding="UTF-8"?>
<!-- Generated by org.testng.reporters.JUnitReportReporter -->
<testsuite hostname="sai" name="day16.DragandDropOperation" tests="1" failures="0" timestamp="4 Sep 2017 04:49:16 GMT" time="1.398" errors="0">
  <testcase name="dragandDropTest" time="1.398" classname="day16.DragandDropOperation"/>
</testsuite> <!-- day16.DragandDropOperation -->
