<?xml version="1.0" encoding="UTF-8"?>
<!-- Generated by org.testng.reporters.JUnitReportReporter -->
<testsuite hostname="sai" name="day32.pagetestcases.POM_Login_TestCase" tests="1" failures="0" timestamp="12 Oct 2017 05:35:36 GMT" time="19.101" errors="0">
  <testcase name="loginTest" time="19.101" classname="day32.pagetestcases.POM_Login_TestCase"/>
</testsuite> <!-- day32.pagetestcases.POM_Login_TestCase -->
