<?xml version="1.0" encoding="UTF-8"?>
<!-- Generated by org.testng.reporters.JUnitReportReporter -->
<testsuite hostname="sai" name="day24.AddEmployee" tests="1" failures="0" timestamp="19 Sep 2017 05:28:17 GMT" time="22.734" errors="0">
  <testcase name="addEmployee" time="22.734" classname="day24.AddEmployee"/>
</testsuite> <!-- day24.AddEmployee -->
