<?xml version="1.0" encoding="UTF-8"?>
<!-- Generated by org.testng.reporters.JUnitReportReporter -->
<testsuite hostname="sai" name="day14.ExplicitWait_WebDriverwait" tests="1" failures="0" timestamp="31 Aug 2017 04:41:27 GMT" time="24.548" errors="0">
  <testcase name="waitTest" time="24.548" classname="day14.ExplicitWait_WebDriverwait"/>
</testsuite> <!-- day14.ExplicitWait_WebDriverwait -->
