<?xml version="1.0" encoding="UTF-8"?>
<!-- Generated by org.testng.reporters.JUnitReportReporter -->
<testsuite hostname="sai" name="day24.Logout" tests="1" failures="0" timestamp="19 Sep 2017 05:28:17 GMT" time="2.515" errors="0">
  <testcase name="logoutTest" time="2.515" classname="day24.Logout"/>
</testsuite> <!-- day24.Logout -->
