<?xml version="1.0" encoding="UTF-8"?>
<!-- Generated by org.testng.reporters.JUnitReportReporter -->
<testsuite hostname="sai" name="day24.TestSuiteResults" tests="1" failures="0" timestamp="19 Sep 2017 05:28:17 GMT" time="0.281" errors="0">
  <testcase name="testresults" time="0.281" classname="day24.TestSuiteResults"/>
</testsuite> <!-- day24.TestSuiteResults -->
