<?xml version="1.0" encoding="UTF-8"?>
<!-- Generated by org.testng.reporters.JUnitReportReporter -->
<testsuite hostname="sai" name="day18.MultiselectDropdown" tests="1" failures="0" timestamp="7 Sep 2017 04:34:27 GMT" time="7.037" errors="0">
  <testcase name="framesTest" time="7.037" classname="day18.MultiselectDropdown"/>
</testsuite> <!-- day18.MultiselectDropdown -->
