<?xml version="1.0" encoding="UTF-8"?>
<!-- Generated by org.testng.reporters.JUnitReportReporter -->
<testsuite hostname="sai" name="day25.LoginUsingGrid" tests="1" failures="0" timestamp="20 Sep 2017 05:36:47 GMT" time="13.760" errors="0">
  <testcase name="loginTest" time="13.760" classname="day25.LoginUsingGrid"/>
</testsuite> <!-- day25.LoginUsingGrid -->
