<?xml version="1.0" encoding="UTF-8"?>
<!-- Generated by org.testng.reporters.JUnitReportReporter -->
<testsuite hostname="sai" name="day16.RightClickOperation" tests="1" failures="0" timestamp="4 Sep 2017 04:37:22 GMT" time="2.560" errors="0">
  <testcase name="rightClickTest" time="2.560" classname="day16.RightClickOperation"/>
</testsuite> <!-- day16.RightClickOperation -->
