<?xml version="1.0" encoding="UTF-8"?>
<!-- Generated by org.testng.reporters.JUnitReportReporter -->
<testsuite hostname="sai" name="day19.CalanderWebtable" tests="1" failures="0" timestamp="8 Sep 2017 04:39:43 GMT" time="12.680" errors="0">
  <testcase name="calanderTest" time="12.680" classname="day19.CalanderWebtable"/>
</testsuite> <!-- day19.CalanderWebtable -->
