<?xml version="1.0" encoding="UTF-8"?>
<!-- Generated by org.testng.reporters.JUnitReportReporter -->
<testsuite hostname="sai" name="day21.DatadrivenTesting1" tests="1" failures="0" timestamp="12 Sep 2017 05:12:51 GMT" time="24.297" errors="0">
  <testcase name="registration" time="24.297" classname="day21.DatadrivenTesting1"/>
</testsuite> <!-- day21.DatadrivenTesting1 -->
