<?xml version="1.0" encoding="UTF-8"?>
<!-- Generated by org.testng.reporters.JUnitReportReporter -->
<testsuite hostname="sai" name="day16.SliderAutomation" tests="1" failures="0" timestamp="4 Sep 2017 05:04:50 GMT" time="1.076" errors="0">
  <testcase name="dragandDropTest" time="1.076" classname="day16.SliderAutomation"/>
</testsuite> <!-- day16.SliderAutomation -->
