<?xml version="1.0" encoding="UTF-8"?>
<!-- Generated by org.testng.reporters.JUnitReportReporter -->
<testsuite hostname="sai" name="day16.MouseHoverOperation" tests="1" failures="0" timestamp="4 Sep 2017 04:16:32 GMT" time="2.241" errors="0">
  <testcase name="mouseHoverTest" time="2.241" classname="day16.MouseHoverOperation"/>
</testsuite> <!-- day16.MouseHoverOperation -->
