<?xml version="1.0" encoding="UTF-8"?>
<!-- Generated by org.testng.reporters.JUnitReportReporter -->
<testsuite hostname="sai" name="day32.pagetestcases.RegistrationPOM" tests="1" failures="0" timestamp="13 Oct 2017 05:32:48 GMT" time="256.607" errors="0">
  <testcase name="registration" time="256.607" classname="day32.pagetestcases.RegistrationPOM"/>
</testsuite> <!-- day32.pagetestcases.RegistrationPOM -->
