<?xml version="1.0" encoding="UTF-8"?>
<!-- Generated by org.testng.reporters.JUnitReportReporter -->
<testsuite hostname="sai" name="day24.Login" tests="1" failures="0" timestamp="19 Sep 2017 05:28:17 GMT" time="20.774" errors="0">
  <testcase name="logintest" time="20.774" classname="day24.Login"/>
</testsuite> <!-- day24.Login -->
