<?xml version="1.0" encoding="UTF-8"?>
<!-- Generated by org.testng.reporters.JUnitReportReporter -->
<testsuite hostname="sai" name="day15.ExplicitWait_FluentWait" tests="1" failures="0" timestamp="1 Sep 2017 04:16:14 GMT" time="20.576" errors="0">
  <testcase name="waitTest" time="20.576" classname="day15.ExplicitWait_FluentWait"/>
</testsuite> <!-- day15.ExplicitWait_FluentWait -->
